INFO  | 2021-11-16 10:16:16 | [main] javaprogram.App (App.java:17) - Hello WorldWill Be Printed On Debug
INFO  | 2021-11-16 10:25:06 | [main] javaprogram.App (App.java:17) - Hello, WorldWill Be Printed On Debug
INFO  | 2021-11-16 10:25:26 | [main] javaprogram.App (App.java:17) - Hello, World   Will Be Printed On Debug
INFO  | 2021-11-16 10:29:07 | [main] javaprogram.App (App.java:17) - Hello, World   Will Be Printed On Info
WARN  | 2021-11-16 10:29:07 | [main] javaprogram.App (App.java:18) - Hello, World   Will Be Printed On Warn
ERROR | 2021-11-16 10:29:07 | [main] javaprogram.App (App.java:19) - Hello, World   Will Be Printed On Error
FATAL | 2021-11-16 10:29:07 | [main] javaprogram.App (App.java:20) - Hello, World   Will Be Printed On Fatal
INFO  | 2021-11-16 10:29:07 | [main] javaprogram.App (App.java:21) - Appending String: Hello, World.
INFO  | 2021-11-16 10:29:49 | [main] javaprogram.App (App.java:17) - Hello, World   Will Be Printed On Info
WARN  | 2021-11-16 10:29:49 | [main] javaprogram.App (App.java:18) - Hello, World   Will Be Printed On Warn
ERROR | 2021-11-16 10:29:49 | [main] javaprogram.App (App.java:19) - Hello, World   Will Be Printed On Error
FATAL | 2021-11-16 10:29:49 | [main] javaprogram.App (App.java:20) - Hello, World   Will Be Printed On Fatal
INFO  | 2021-11-16 10:29:50 | [main] javaprogram.App (App.java:21) - Appending String: Hello, World.
DEBUG | 2021-11-16 10:33:13 | [main] javaprogram.App (App.java:16) - Hello, World  Will Be Printed On Debug
INFO  | 2021-11-16 10:33:13 | [main] javaprogram.App (App.java:17) - Hello, World   Will Be Printed On Info
WARN  | 2021-11-16 10:33:13 | [main] javaprogram.App (App.java:18) - Hello, World   Will Be Printed On Warn
ERROR | 2021-11-16 10:33:13 | [main] javaprogram.App (App.java:19) - Hello, World   Will Be Printed On Error
FATAL | 2021-11-16 10:33:13 | [main] javaprogram.App (App.java:20) - Hello, World   Will Be Printed On Fatal
INFO  | 2021-11-16 10:33:13 | [main] javaprogram.App (App.java:21) - Appending String: Hello, World.
DEBUG | 2021-11-16 17:00:56 | [main] javaprogram.App (App.java:16) - Hello, World  Will Be Printed On Debug
INFO  | 2021-11-16 17:00:56 | [main] javaprogram.App (App.java:17) - Hello, World   Will Be Printed On Info
WARN  | 2021-11-16 17:00:56 | [main] javaprogram.App (App.java:18) - Hello, World   Will Be Printed On Warn
ERROR | 2021-11-16 17:00:56 | [main] javaprogram.App (App.java:19) - Hello, World   Will Be Printed On Error
FATAL | 2021-11-16 17:00:56 | [main] javaprogram.App (App.java:20) - Hello, World   Will Be Printed On Fatal
INFO  | 2021-11-16 17:00:56 | [main] javaprogram.App (App.java:21) - Appending String: Hello, World.
DEBUG | 2021-11-16 17:04:55 | [main] javaprogram.App (App.java:16) - Hello, World  Will Be Printed On Debug
INFO  | 2021-11-16 17:04:55 | [main] javaprogram.App (App.java:17) - Hello, World   Will Be Printed On Info
WARN  | 2021-11-16 17:04:55 | [main] javaprogram.App (App.java:18) - Hello, World   Will Be Printed On Warn
ERROR | 2021-11-16 17:04:55 | [main] javaprogram.App (App.java:19) - Hello, World   Will Be Printed On Error
FATAL | 2021-11-16 17:04:55 | [main] javaprogram.App (App.java:20) - Hello, World   Will Be Printed On Fatal
INFO  | 2021-11-16 17:04:55 | [main] javaprogram.App (App.java:21) - Appending String: Hello, World.
DEBUG | 2021-11-16 18:38:37 | [main] javaprogram.App (App.java:16) - Hello, World  Will Be Printed On Debug
INFO  | 2021-11-16 18:38:37 | [main] javaprogram.App (App.java:17) - Hello, World   Will Be Printed On Info
WARN  | 2021-11-16 18:38:37 | [main] javaprogram.App (App.java:18) - Hello, World   Will Be Printed On Warn
ERROR | 2021-11-16 18:38:37 | [main] javaprogram.App (App.java:19) - Hello, World   Will Be Printed On Error
FATAL | 2021-11-16 18:38:37 | [main] javaprogram.App (App.java:20) - Hello, World   Will Be Printed On Fatal
INFO  | 2021-11-16 18:38:37 | [main] javaprogram.App (App.java:21) - Appending String: Hello, World.
